<?xml version="1.0" encoding="UTF-8"?>
<testng-results ignored="0" total="1" passed="1" failed="0" skipped="0">
  <reporter-output>
  </reporter-output>
  <suite started-at="2021-02-04T21:45:14 IST" name="Default suite" finished-at="2021-02-04T21:48:08 IST" duration-ms="173299">
    <groups>
    </groups>
    <test started-at="2021-02-04T21:45:14 IST" name="Default test" finished-at="2021-02-04T21:48:08 IST" duration-ms="173299">
      <class name="sampleProject.sampleProject.App">
        <test-method is-config="true" signature="startTest()[pri:0, instance:sampleProject.sampleProject.App@20f5239f]" started-at="2021-02-04T21:45:14 IST" name="startTest" finished-at="2021-02-04T21:45:15 IST" duration-ms="248" status="PASS">
          <reporter-output>
          </reporter-output>
        </test-method> <!-- startTest -->
        <test-method signature="extentReportsDemo()[pri:0, instance:sampleProject.sampleProject.App@20f5239f]" started-at="2021-02-04T21:45:15 IST" name="extentReportsDemo" finished-at="2021-02-04T21:48:06 IST" duration-ms="170862" status="PASS">
          <reporter-output>
          </reporter-output>
        </test-method> <!-- extentReportsDemo -->
        <test-method is-config="true" signature="endTest()[pri:0, instance:sampleProject.sampleProject.App@20f5239f]" started-at="2021-02-04T21:48:06 IST" name="endTest" finished-at="2021-02-04T21:48:08 IST" duration-ms="2143" status="PASS">
          <reporter-output>
          </reporter-output>
        </test-method> <!-- endTest -->
      </class> <!-- sampleProject.sampleProject.App -->
    </test> <!-- Default test -->
  </suite> <!-- Default suite -->
</testng-results>
